<?xml version="1.0" encoding="UTF-8"?>
<testng-results total="1" passed="1" failed="0" skipped="0">
  <reporter-output>
    <line>
      <![CDATA[validated contact no is correct]]>
    </line>
  </reporter-output>
  <suite started-at="2022-08-14T10:20:01Z" name="Default suite" finished-at="2022-08-14T10:20:11Z" duration-ms="10329">
    <groups>
    </groups>
    <test started-at="2022-08-14T10:20:01Z" name="Default test" finished-at="2022-08-14T10:20:11Z" duration-ms="10329">
      <class name="testClasses.HM_Test_CustomerContact">
        <test-method is-config="true" signature="BrowserOpen()[pri:0, instance:testClasses.HM_Test_CustomerContact@3c77d488]" started-at="2022-08-14T15:50:01Z" name="BrowserOpen" finished-at="2022-08-14T15:50:06Z" duration-ms="5253" status="PASS">
          <reporter-output>
          </reporter-output>
        </test-method> <!-- BrowserOpen -->
        <test-method signature="Verify_CustomerContact()[pri:0, instance:testClasses.HM_Test_CustomerContact@3c77d488]" started-at="2022-08-14T15:50:06Z" name="Verify_CustomerContact" finished-at="2022-08-14T15:50:08Z" duration-ms="2615" status="PASS">
          <reporter-output>
            <line>
              <![CDATA[validated contact no is correct]]>
            </line>
          </reporter-output>
        </test-method> <!-- Verify_CustomerContact -->
        <test-method is-config="true" signature="BrowserClose()[pri:0, instance:testClasses.HM_Test_CustomerContact@3c77d488]" started-at="2022-08-14T15:50:08Z" name="BrowserClose" finished-at="2022-08-14T15:50:11Z" duration-ms="2446" status="PASS">
          <reporter-output>
          </reporter-output>
        </test-method> <!-- BrowserClose -->
      </class> <!-- testClasses.HM_Test_CustomerContact -->
    </test> <!-- Default test -->
  </suite> <!-- Default suite -->
</testng-results>
